<?xml version="1.0" encoding="UTF-8"?>
<testsuite xmlns:xsi="http://www.w3.org/2001/XMLSchema-instance" xsi:noNamespaceSchemaLocation="https://maven.apache.org/surefire/maven-surefire-plugin/xsd/surefire-test-report.xsd" name="com.philippe75.p6.business.AppTest" time="0.031" tests="1" errors="0" skipped="0" failures="0">
  <properties>
    <property name="sun.desktop" value="windows"/>
    <property name="awt.toolkit" value="sun.awt.windows.WToolkit"/>
    <property name="file.encoding.pkg" value="sun.io"/>
    <property name="java.specification.version" value="1.8"/>
    <property name="sun.cpu.isalist" value="amd64"/>
    <property name="sun.jnu.encoding" value="Cp1252"/>
    <property name="java.class.path" value="C:\Users\Windows\Desktop\P6\escaladeGit\escalade\escalade-business\target\test-classes;C:\Users\Windows\Desktop\P6\escaladeGit\escalade\escalade-business\target\classes;C:\Users\Windows\Desktop\P6\escaladeGit\escalade\escalade-consumer\target\escalade-consumer-1.0-SNAPSHOT.jar;C:\Users\Windows\.m2\repository\org\springframework\spring-jdbc\5.1.1.RELEASE\spring-jdbc-5.1.1.RELEASE.jar;C:\Users\Windows\.m2\repository\org\springframework\spring-beans\5.1.1.RELEASE\spring-beans-5.1.1.RELEASE.jar;C:\Users\Windows\.m2\repository\org\springframework\spring-core\5.1.1.RELEASE\spring-core-5.1.1.RELEASE.jar;C:\Users\Windows\.m2\repository\org\springframework\spring-jcl\5.1.1.RELEASE\spring-jcl-5.1.1.RELEASE.jar;C:\Users\Windows\.m2\repository\org\springframework\spring-tx\5.1.1.RELEASE\spring-tx-5.1.1.RELEASE.jar;C:\Users\Windows\.m2\repository\org\postgresql\postgresql\9.4.1212\postgresql-9.4.1212.jar;C:\Users\Windows\Desktop\P6\escaladeGit\escalade\escalade-model\target\escalade-model-1.0-SNAPSHOT.jar;C:\Users\Windows\Desktop\P6\escaladeGit\escalade\escalade-technical\target\escalade-technical-1.0-SNAPSHOT.jar;C:\Users\Windows\.m2\repository\org\springframework\spring-context\5.1.1.RELEASE\spring-context-5.1.1.RELEASE.jar;C:\Users\Windows\.m2\repository\org\springframework\spring-aop\5.1.1.RELEASE\spring-aop-5.1.1.RELEASE.jar;C:\Users\Windows\.m2\repository\org\springframework\spring-expression\5.1.1.RELEASE\spring-expression-5.1.1.RELEASE.jar;C:\Users\Windows\.m2\repository\org\springframework\spring-aspects\5.1.1.RELEASE\spring-aspects-5.1.1.RELEASE.jar;C:\Users\Windows\.m2\repository\org\aspectj\aspectjweaver\1.9.1\aspectjweaver-1.9.1.jar;C:\Users\Windows\.m2\repository\javax\annotation\javax.annotation-api\1.3.2\javax.annotation-api-1.3.2.jar;C:\Users\Windows\.m2\repository\javax\inject\javax.inject\1\javax.inject-1.jar;C:\Users\Windows\.m2\repository\junit\junit\4.11\junit-4.11.jar;C:\Users\Windows\.m2\repository\org\hamcrest\hamcrest-core\1.3\hamcrest-core-1.3.jar;"/>
    <property name="java.vm.vendor" value="Oracle Corporation"/>
    <property name="sun.arch.data.model" value="64"/>
    <property name="user.variant" value=""/>
    <property name="java.vendor.url" value="http://java.oracle.com/"/>
    <property name="user.timezone" value="Europe/Paris"/>
    <property name="java.vm.specification.version" value="1.8"/>
    <property name="os.name" value="Windows 10"/>
    <property name="user.country" value="FR"/>
    <property name="sun.java.launcher" value="SUN_STANDARD"/>
    <property name="sun.boot.library.path" value="C:\Program Files\Java\jre1.8.0_171\bin"/>
    <property name="sun.java.command" value="C:\Users\Windows\AppData\Local\Temp\surefire5363999760146190773\surefirebooter8911901950039852478.jar C:\Users\Windows\AppData\Local\Temp\surefire5363999760146190773 2018-11-03T02-08-12_718-jvmRun1 surefire1846392979734719864tmp surefire_32002937291293691654tmp"/>
    <property name="surefire.test.class.path" value="C:\Users\Windows\Desktop\P6\escaladeGit\escalade\escalade-business\target\test-classes;C:\Users\Windows\Desktop\P6\escaladeGit\escalade\escalade-business\target\classes;C:\Users\Windows\Desktop\P6\escaladeGit\escalade\escalade-consumer\target\escalade-consumer-1.0-SNAPSHOT.jar;C:\Users\Windows\.m2\repository\org\springframework\spring-jdbc\5.1.1.RELEASE\spring-jdbc-5.1.1.RELEASE.jar;C:\Users\Windows\.m2\repository\org\springframework\spring-beans\5.1.1.RELEASE\spring-beans-5.1.1.RELEASE.jar;C:\Users\Windows\.m2\repository\org\springframework\spring-core\5.1.1.RELEASE\spring-core-5.1.1.RELEASE.jar;C:\Users\Windows\.m2\repository\org\springframework\spring-jcl\5.1.1.RELEASE\spring-jcl-5.1.1.RELEASE.jar;C:\Users\Windows\.m2\repository\org\springframework\spring-tx\5.1.1.RELEASE\spring-tx-5.1.1.RELEASE.jar;C:\Users\Windows\.m2\repository\org\postgresql\postgresql\9.4.1212\postgresql-9.4.1212.jar;C:\Users\Windows\Desktop\P6\escaladeGit\escalade\escalade-model\target\escalade-model-1.0-SNAPSHOT.jar;C:\Users\Windows\Desktop\P6\escaladeGit\escalade\escalade-technical\target\escalade-technical-1.0-SNAPSHOT.jar;C:\Users\Windows\.m2\repository\org\springframework\spring-context\5.1.1.RELEASE\spring-context-5.1.1.RELEASE.jar;C:\Users\Windows\.m2\repository\org\springframework\spring-aop\5.1.1.RELEASE\spring-aop-5.1.1.RELEASE.jar;C:\Users\Windows\.m2\repository\org\springframework\spring-expression\5.1.1.RELEASE\spring-expression-5.1.1.RELEASE.jar;C:\Users\Windows\.m2\repository\org\springframework\spring-aspects\5.1.1.RELEASE\spring-aspects-5.1.1.RELEASE.jar;C:\Users\Windows\.m2\repository\org\aspectj\aspectjweaver\1.9.1\aspectjweaver-1.9.1.jar;C:\Users\Windows\.m2\repository\javax\annotation\javax.annotation-api\1.3.2\javax.annotation-api-1.3.2.jar;C:\Users\Windows\.m2\repository\javax\inject\javax.inject\1\javax.inject-1.jar;C:\Users\Windows\.m2\repository\junit\junit\4.11\junit-4.11.jar;C:\Users\Windows\.m2\repository\org\hamcrest\hamcrest-core\1.3\hamcrest-core-1.3.jar;"/>
    <property name="sun.cpu.endian" value="little"/>
    <property name="user.home" value="C:\Users\Windows"/>
    <property name="user.language" value="fr"/>
    <property name="java.specification.vendor" value="Oracle Corporation"/>
    <property name="java.home" value="C:\Program Files\Java\jre1.8.0_171"/>
    <property name="basedir" value="C:\Users\Windows\Desktop\P6\escaladeGit\escalade\escalade-business"/>
    <property name="file.separator" value="\"/>
    <property name="line.separator" value="&#10;"/>
    <property name="java.vm.specification.vendor" value="Oracle Corporation"/>
    <property name="java.specification.name" value="Java Platform API Specification"/>
    <property name="java.awt.graphicsenv" value="sun.awt.Win32GraphicsEnvironment"/>
    <property name="surefire.real.class.path" value="C:\Users\Windows\AppData\Local\Temp\surefire5363999760146190773\surefirebooter8911901950039852478.jar"/>
    <property name="sun.boot.class.path" value="C:\Program Files\Java\jre1.8.0_171\lib\resources.jar;C:\Program Files\Java\jre1.8.0_171\lib\rt.jar;C:\Program Files\Java\jre1.8.0_171\lib\sunrsasign.jar;C:\Program Files\Java\jre1.8.0_171\lib\jsse.jar;C:\Program Files\Java\jre1.8.0_171\lib\jce.jar;C:\Program Files\Java\jre1.8.0_171\lib\charsets.jar;C:\Program Files\Java\jre1.8.0_171\lib\jfr.jar;C:\Program Files\Java\jre1.8.0_171\classes"/>
    <property name="user.script" value=""/>
    <property name="sun.management.compiler" value="HotSpot 64-Bit Tiered Compilers"/>
    <property name="java.runtime.version" value="1.8.0_171-b11"/>
    <property name="user.name" value="Windows"/>
    <property name="path.separator" value=";"/>
    <property name="os.version" value="10.0"/>
    <property name="java.endorsed.dirs" value="C:\Program Files\Java\jre1.8.0_171\lib\endorsed"/>
    <property name="java.runtime.name" value="Java(TM) SE Runtime Environment"/>
    <property name="file.encoding" value="Cp1252"/>
    <property name="java.vm.name" value="Java HotSpot(TM) 64-Bit Server VM"/>
    <property name="localRepository" value="C:\Users\Windows\.m2\repository"/>
    <property name="java.vendor.url.bug" value="http://bugreport.sun.com/bugreport/"/>
    <property name="java.io.tmpdir" value="C:\Users\Windows\AppData\Local\Temp\"/>
    <property name="java.version" value="1.8.0_171"/>
    <property name="user.dir" value="C:\Users\Windows\Desktop\P6\escaladeGit\escalade\escalade-business"/>
    <property name="os.arch" value="amd64"/>
    <property name="java.vm.specification.name" value="Java Virtual Machine Specification"/>
    <property name="java.awt.printerjob" value="sun.awt.windows.WPrinterJob"/>
    <property name="sun.os.patch.level" value=""/>
    <property name="java.library.path" value="C:\Program Files\Java\jre1.8.0_171\bin;C:\WINDOWS\Sun\Java\bin;C:\WINDOWS\system32;C:\WINDOWS;C:\Program Files (x86)\Intel\iCLS Client\;C:\Program Files\Intel\iCLS Client\;C:\WINDOWS\system32;C:\WINDOWS;C:\WINDOWS\System32\Wbem;C:\WINDOWS\System32\WindowsPowerShell\v1.0\;C:\Program Files\Intel\Intel(R) Management Engine Components\DAL;C:\Program Files\Intel\Intel(R) Management Engine Components\IPT;C:\Program Files (x86)\Intel\Intel(R) Management Engine Components\DAL;C:\Program Files (x86)\Intel\Intel(R) Management Engine Components\IPT;C:\Program Files\WIDCOMM\Bluetooth Software\;C:\Program Files\WIDCOMM\Bluetooth Software\syswow64;C:\Program Files (x86)\Pinnacle\Shared Files\;C:\Program Files (x86)\Pinnacle\Shared Files\Filter\;C:\Program Files (x86)\NVIDIA Corporation\PhysX\Common;C:\Program Files (x86)\Skype\Phone\;C:\WINDOWS\system32;C:\WINDOWS;C:\WINDOWS\System32\Wbem;C:\WINDOWS\System32\WindowsPowerShell\v1.0\;C:\Program Files\Git\cmd;C:\Program Files\Java\jdk-9.0.4\bin;C:\Dev\software\apache-maven-3.5.4\bin;C:\WINDOWS\System32\OpenSSH\;C:\Dev\Software\glassfish5\bin;C:\Users\Windows\AppData\Local\Microsoft\WindowsApps;C:\Program Files\MySQL\MySQL Server 8.0\bin;C:\Dev\Software\glassfish5\bin;;."/>
    <property name="java.vm.info" value="mixed mode"/>
    <property name="java.vendor" value="Oracle Corporation"/>
    <property name="java.vm.version" value="25.171-b11"/>
    <property name="java.ext.dirs" value="C:\Program Files\Java\jre1.8.0_171\lib\ext;C:\WINDOWS\Sun\Java\lib\ext"/>
    <property name="sun.io.unicode.encoding" value="UnicodeLittle"/>
    <property name="java.class.version" value="52.0"/>
  </properties>
  <testcase name="shouldAnswerWithTrue" classname="com.philippe75.p6.business.AppTest" time="0"/>
</testsuite>